The system is: Linux - 4.6.4-301.fc24.x86_64 - x86_64
Compiling the C compiler identification source file "CMakeCCompilerId.c" succeeded.
Compiler: /usr/bin/cc 
Build flags: 
Id flags: 

The output was:
0


Compilation of the C compiler identification source "CMakeCCompilerId.c" produced "a.out"

The C compiler identification is GNU, found in "/home/alpalentless/SICS/IRTPP/src/include/dlib/build/CMakeFiles/3.5.2/CompilerIdC/a.out"

Compiling the CXX compiler identification source file "CMakeCXXCompilerId.cpp" succeeded.
Compiler: /usr/bin/c++ 
Build flags: 
Id flags: 

The output was:
0


Compilation of the CXX compiler identification source "CMakeCXXCompilerId.cpp" produced "a.out"

The CXX compiler identification is GNU, found in "/home/alpalentless/SICS/IRTPP/src/include/dlib/build/CMakeFiles/3.5.2/CompilerIdCXX/a.out"

Determining if the C compiler works passed with the following output:
Change Dir: /home/alpalentless/SICS/IRTPP/src/include/dlib/build/CMakeFiles/CMakeTmp

Run Build Command:"/usr/bin/gmake" "cmTC_8e401/fast"
/usr/bin/gmake -f CMakeFiles/cmTC_8e401.dir/build.make CMakeFiles/cmTC_8e401.dir/build
gmake[1]: Entering directory '/home/alpalentless/SICS/IRTPP/src/include/dlib/build/CMakeFiles/CMakeTmp'
Building C object CMakeFiles/cmTC_8e401.dir/testCCompiler.c.o
/usr/bin/cc     -o CMakeFiles/cmTC_8e401.dir/testCCompiler.c.o   -c /home/alpalentless/SICS/IRTPP/src/include/dlib/build/CMakeFiles/CMakeTmp/testCCompiler.c
Linking C executable cmTC_8e401
/usr/bin/cmake -E cmake_link_script CMakeFiles/cmTC_8e401.dir/link.txt --verbose=1
/usr/bin/cc       CMakeFiles/cmTC_8e401.dir/testCCompiler.c.o  -o cmTC_8e401 -rdynamic 
gmake[1]: Leaving directory '/home/alpalentless/SICS/IRTPP/src/include/dlib/build/CMakeFiles/CMakeTmp'


Detecting C compiler ABI info compiled with the following output:
Change Dir: /home/alpalentless/SICS/IRTPP/src/include/dlib/build/CMakeFiles/CMakeTmp

Run Build Command:"/usr/bin/gmake" "cmTC_f63b0/fast"
/usr/bin/gmake -f CMakeFiles/cmTC_f63b0.dir/build.make CMakeFiles/cmTC_f63b0.dir/build
gmake[1]: Entering directory '/home/alpalentless/SICS/IRTPP/src/include/dlib/build/CMakeFiles/CMakeTmp'
Building C object CMakeFiles/cmTC_f63b0.dir/CMakeCCompilerABI.c.o
/usr/bin/cc     -o CMakeFiles/cmTC_f63b0.dir/CMakeCCompilerABI.c.o   -c /usr/share/cmake/Modules/CMakeCCompilerABI.c
Linking C executable cmTC_f63b0
/usr/bin/cmake -E cmake_link_script CMakeFiles/cmTC_f63b0.dir/link.txt --verbose=1
/usr/bin/cc      -v CMakeFiles/cmTC_f63b0.dir/CMakeCCompilerABI.c.o  -o cmTC_f63b0 -rdynamic  
Using built-in specs.
COLLECT_GCC=/usr/bin/cc
COLLECT_LTO_WRAPPER=/usr/libexec/gcc/x86_64-redhat-linux/6.1.1/lto-wrapper
Target: x86_64-redhat-linux
Configured with: ../configure --enable-bootstrap --enable-languages=c,c++,objc,obj-c++,fortran,ada,go,lto --prefix=/usr --mandir=/usr/share/man --infodir=/usr/share/info --with-bugurl=http://bugzilla.redhat.com/bugzilla --enable-shared --enable-threads=posix --enable-checking=release --enable-multilib --with-system-zlib --enable-__cxa_atexit --disable-libunwind-exceptions --enable-gnu-unique-object --enable-linker-build-id --with-linker-hash-style=gnu --enable-plugin --enable-initfini-array --disable-libgcj --with-isl --enable-libmpx --enable-gnu-indirect-function --with-tune=generic --with-arch_32=i686 --build=x86_64-redhat-linux
Thread model: posix
gcc version 6.1.1 20160621 (Red Hat 6.1.1-3) (GCC) 
COMPILER_PATH=/usr/libexec/gcc/x86_64-redhat-linux/6.1.1/:/usr/libexec/gcc/x86_64-redhat-linux/6.1.1/:/usr/libexec/gcc/x86_64-redhat-linux/:/usr/lib/gcc/x86_64-redhat-linux/6.1.1/:/usr/lib/gcc/x86_64-redhat-linux/
LIBRARY_PATH=/usr/lib/gcc/x86_64-redhat-linux/6.1.1/:/usr/lib/gcc/x86_64-redhat-linux/6.1.1/../../../../lib64/:/lib/../lib64/:/usr/lib/../lib64/:/usr/lib/gcc/x86_64-redhat-linux/6.1.1/../../../:/lib/:/usr/lib/
COLLECT_GCC_OPTIONS='-v' '-o' 'cmTC_f63b0' '-rdynamic' '-mtune=generic' '-march=x86-64'
 /usr/libexec/gcc/x86_64-redhat-linux/6.1.1/collect2 -plugin /usr/libexec/gcc/x86_64-redhat-linux/6.1.1/liblto_plugin.so -plugin-opt=/usr/libexec/gcc/x86_64-redhat-linux/6.1.1/lto-wrapper -plugin-opt=-fresolution=/tmp/ccTYohAn.res -plugin-opt=-pass-through=-lgcc -plugin-opt=-pass-through=-lgcc_s -plugin-opt=-pass-through=-lc -plugin-opt=-pass-through=-lgcc -plugin-opt=-pass-through=-lgcc_s --build-id --no-add-needed --eh-frame-hdr --hash-style=gnu -m elf_x86_64 -export-dynamic -dynamic-linker /lib64/ld-linux-x86-64.so.2 -o cmTC_f63b0 /usr/lib/gcc/x86_64-redhat-linux/6.1.1/../../../../lib64/crt1.o /usr/lib/gcc/x86_64-redhat-linux/6.1.1/../../../../lib64/crti.o /usr/lib/gcc/x86_64-redhat-linux/6.1.1/crtbegin.o -L/usr/lib/gcc/x86_64-redhat-linux/6.1.1 -L/usr/lib/gcc/x86_64-redhat-linux/6.1.1/../../../../lib64 -L/lib/../lib64 -L/usr/lib/../lib64 -L/usr/lib/gcc/x86_64-redhat-linux/6.1.1/../../.. CMakeFiles/cmTC_f63b0.dir/CMakeCCompilerABI.c.o -lgcc --as-needed -lgcc_s --no-as-needed -lc -lgcc --as-needed -lgcc_s --no-as-needed /usr/lib/gcc/x86_64-redhat-linux/6.1.1/crtend.o /usr/lib/gcc/x86_64-redhat-linux/6.1.1/../../../../lib64/crtn.o
COLLECT_GCC_OPTIONS='-v' '-o' 'cmTC_f63b0' '-rdynamic' '-mtune=generic' '-march=x86-64'
gmake[1]: Leaving directory '/home/alpalentless/SICS/IRTPP/src/include/dlib/build/CMakeFiles/CMakeTmp'


Parsed C implicit link information from above output:
  link line regex: [^( *|.*[/\])(ld|([^/\]+-)?ld|collect2)[^/\]*( |$)]
  ignore line: [Change Dir: /home/alpalentless/SICS/IRTPP/src/include/dlib/build/CMakeFiles/CMakeTmp]
  ignore line: []
  ignore line: [Run Build Command:"/usr/bin/gmake" "cmTC_f63b0/fast"]
  ignore line: [/usr/bin/gmake -f CMakeFiles/cmTC_f63b0.dir/build.make CMakeFiles/cmTC_f63b0.dir/build]
  ignore line: [gmake[1]: Entering directory '/home/alpalentless/SICS/IRTPP/src/include/dlib/build/CMakeFiles/CMakeTmp']
  ignore line: [Building C object CMakeFiles/cmTC_f63b0.dir/CMakeCCompilerABI.c.o]
  ignore line: [/usr/bin/cc     -o CMakeFiles/cmTC_f63b0.dir/CMakeCCompilerABI.c.o   -c /usr/share/cmake/Modules/CMakeCCompilerABI.c]
  ignore line: [Linking C executable cmTC_f63b0]
  ignore line: [/usr/bin/cmake -E cmake_link_script CMakeFiles/cmTC_f63b0.dir/link.txt --verbose=1]
  ignore line: [/usr/bin/cc      -v CMakeFiles/cmTC_f63b0.dir/CMakeCCompilerABI.c.o  -o cmTC_f63b0 -rdynamic  ]
  ignore line: [Using built-in specs.]
  ignore line: [COLLECT_GCC=/usr/bin/cc]
  ignore line: [COLLECT_LTO_WRAPPER=/usr/libexec/gcc/x86_64-redhat-linux/6.1.1/lto-wrapper]
  ignore line: [Target: x86_64-redhat-linux]
  ignore line: [Configured with: ../configure --enable-bootstrap --enable-languages=c,c++,objc,obj-c++,fortran,ada,go,lto --prefix=/usr --mandir=/usr/share/man --infodir=/usr/share/info --with-bugurl=http://bugzilla.redhat.com/bugzilla --enable-shared --enable-threads=posix --enable-checking=release --enable-multilib --with-system-zlib --enable-__cxa_atexit --disable-libunwind-exceptions --enable-gnu-unique-object --enable-linker-build-id --with-linker-hash-style=gnu --enable-plugin --enable-initfini-array --disable-libgcj --with-isl --enable-libmpx --enable-gnu-indirect-function --with-tune=generic --with-arch_32=i686 --build=x86_64-redhat-linux]
  ignore line: [Thread model: posix]
  ignore line: [gcc version 6.1.1 20160621 (Red Hat 6.1.1-3) (GCC) ]
  ignore line: [COMPILER_PATH=/usr/libexec/gcc/x86_64-redhat-linux/6.1.1/:/usr/libexec/gcc/x86_64-redhat-linux/6.1.1/:/usr/libexec/gcc/x86_64-redhat-linux/:/usr/lib/gcc/x86_64-redhat-linux/6.1.1/:/usr/lib/gcc/x86_64-redhat-linux/]
  ignore line: [LIBRARY_PATH=/usr/lib/gcc/x86_64-redhat-linux/6.1.1/:/usr/lib/gcc/x86_64-redhat-linux/6.1.1/../../../../lib64/:/lib/../lib64/:/usr/lib/../lib64/:/usr/lib/gcc/x86_64-redhat-linux/6.1.1/../../../:/lib/:/usr/lib/]
  ignore line: [COLLECT_GCC_OPTIONS='-v' '-o' 'cmTC_f63b0' '-rdynamic' '-mtune=generic' '-march=x86-64']
  link line: [ /usr/libexec/gcc/x86_64-redhat-linux/6.1.1/collect2 -plugin /usr/libexec/gcc/x86_64-redhat-linux/6.1.1/liblto_plugin.so -plugin-opt=/usr/libexec/gcc/x86_64-redhat-linux/6.1.1/lto-wrapper -plugin-opt=-fresolution=/tmp/ccTYohAn.res -plugin-opt=-pass-through=-lgcc -plugin-opt=-pass-through=-lgcc_s -plugin-opt=-pass-through=-lc -plugin-opt=-pass-through=-lgcc -plugin-opt=-pass-through=-lgcc_s --build-id --no-add-needed --eh-frame-hdr --hash-style=gnu -m elf_x86_64 -export-dynamic -dynamic-linker /lib64/ld-linux-x86-64.so.2 -o cmTC_f63b0 /usr/lib/gcc/x86_64-redhat-linux/6.1.1/../../../../lib64/crt1.o /usr/lib/gcc/x86_64-redhat-linux/6.1.1/../../../../lib64/crti.o /usr/lib/gcc/x86_64-redhat-linux/6.1.1/crtbegin.o -L/usr/lib/gcc/x86_64-redhat-linux/6.1.1 -L/usr/lib/gcc/x86_64-redhat-linux/6.1.1/../../../../lib64 -L/lib/../lib64 -L/usr/lib/../lib64 -L/usr/lib/gcc/x86_64-redhat-linux/6.1.1/../../.. CMakeFiles/cmTC_f63b0.dir/CMakeCCompilerABI.c.o -lgcc --as-needed -lgcc_s --no-as-needed -lc -lgcc --as-needed -lgcc_s --no-as-needed /usr/lib/gcc/x86_64-redhat-linux/6.1.1/crtend.o /usr/lib/gcc/x86_64-redhat-linux/6.1.1/../../../../lib64/crtn.o]
    arg [/usr/libexec/gcc/x86_64-redhat-linux/6.1.1/collect2] ==> ignore
    arg [-plugin] ==> ignore
    arg [/usr/libexec/gcc/x86_64-redhat-linux/6.1.1/liblto_plugin.so] ==> ignore
    arg [-plugin-opt=/usr/libexec/gcc/x86_64-redhat-linux/6.1.1/lto-wrapper] ==> ignore
    arg [-plugin-opt=-fresolution=/tmp/ccTYohAn.res] ==> ignore
    arg [-plugin-opt=-pass-through=-lgcc] ==> ignore
    arg [-plugin-opt=-pass-through=-lgcc_s] ==> ignore
    arg [-plugin-opt=-pass-through=-lc] ==> ignore
    arg [-plugin-opt=-pass-through=-lgcc] ==> ignore
    arg [-plugin-opt=-pass-through=-lgcc_s] ==> ignore
    arg [--build-id] ==> ignore
    arg [--no-add-needed] ==> ignore
    arg [--eh-frame-hdr] ==> ignore
    arg [--hash-style=gnu] ==> ignore
    arg [-m] ==> ignore
    arg [elf_x86_64] ==> ignore
    arg [-export-dynamic] ==> ignore
    arg [-dynamic-linker] ==> ignore
    arg [/lib64/ld-linux-x86-64.so.2] ==> ignore
    arg [-o] ==> ignore
    arg [cmTC_f63b0] ==> ignore
    arg [/usr/lib/gcc/x86_64-redhat-linux/6.1.1/../../../../lib64/crt1.o] ==> ignore
    arg [/usr/lib/gcc/x86_64-redhat-linux/6.1.1/../../../../lib64/crti.o] ==> ignore
    arg [/usr/lib/gcc/x86_64-redhat-linux/6.1.1/crtbegin.o] ==> ignore
    arg [-L/usr/lib/gcc/x86_64-redhat-linux/6.1.1] ==> dir [/usr/lib/gcc/x86_64-redhat-linux/6.1.1]
    arg [-L/usr/lib/gcc/x86_64-redhat-linux/6.1.1/../../../../lib64] ==> dir [/usr/lib/gcc/x86_64-redhat-linux/6.1.1/../../../../lib64]
    arg [-L/lib/../lib64] ==> dir [/lib/../lib64]
    arg [-L/usr/lib/../lib64] ==> dir [/usr/lib/../lib64]
    arg [-L/usr/lib/gcc/x86_64-redhat-linux/6.1.1/../../..] ==> dir [/usr/lib/gcc/x86_64-redhat-linux/6.1.1/../../..]
    arg [CMakeFiles/cmTC_f63b0.dir/CMakeCCompilerABI.c.o] ==> ignore
    arg [-lgcc] ==> lib [gcc]
    arg [--as-needed] ==> ignore
    arg [-lgcc_s] ==> lib [gcc_s]
    arg [--no-as-needed] ==> ignore
    arg [-lc] ==> lib [c]
    arg [-lgcc] ==> lib [gcc]
    arg [--as-needed] ==> ignore
    arg [-lgcc_s] ==> lib [gcc_s]
    arg [--no-as-needed] ==> ignore
    arg [/usr/lib/gcc/x86_64-redhat-linux/6.1.1/crtend.o] ==> ignore
    arg [/usr/lib/gcc/x86_64-redhat-linux/6.1.1/../../../../lib64/crtn.o] ==> ignore
  remove lib [gcc]
  remove lib [gcc_s]
  remove lib [gcc]
  remove lib [gcc_s]
  collapse library dir [/usr/lib/gcc/x86_64-redhat-linux/6.1.1] ==> [/usr/lib/gcc/x86_64-redhat-linux/6.1.1]
  collapse library dir [/usr/lib/gcc/x86_64-redhat-linux/6.1.1/../../../../lib64] ==> [/usr/lib64]
  collapse library dir [/lib/../lib64] ==> [/lib64]
  collapse library dir [/usr/lib/../lib64] ==> [/usr/lib64]
  collapse library dir [/usr/lib/gcc/x86_64-redhat-linux/6.1.1/../../..] ==> [/usr/lib]
  implicit libs: [c]
  implicit dirs: [/usr/lib/gcc/x86_64-redhat-linux/6.1.1;/usr/lib64;/lib64;/usr/lib]
  implicit fwks: []




Detecting C [-std=c11] compiler features compiled with the following output:
Change Dir: /home/alpalentless/SICS/IRTPP/src/include/dlib/build/CMakeFiles/CMakeTmp

Run Build Command:"/usr/bin/gmake" "cmTC_e97c1/fast"
/usr/bin/gmake -f CMakeFiles/cmTC_e97c1.dir/build.make CMakeFiles/cmTC_e97c1.dir/build
gmake[1]: Entering directory '/home/alpalentless/SICS/IRTPP/src/include/dlib/build/CMakeFiles/CMakeTmp'
Building C object CMakeFiles/cmTC_e97c1.dir/feature_tests.c.o
/usr/bin/cc    -std=c11 -o CMakeFiles/cmTC_e97c1.dir/feature_tests.c.o   -c /home/alpalentless/SICS/IRTPP/src/include/dlib/build/CMakeFiles/feature_tests.c
Linking C executable cmTC_e97c1
/usr/bin/cmake -E cmake_link_script CMakeFiles/cmTC_e97c1.dir/link.txt --verbose=1
/usr/bin/cc       CMakeFiles/cmTC_e97c1.dir/feature_tests.c.o  -o cmTC_e97c1 -rdynamic 
gmake[1]: Leaving directory '/home/alpalentless/SICS/IRTPP/src/include/dlib/build/CMakeFiles/CMakeTmp'


    Feature record: C_FEATURE:1c_function_prototypes
    Feature record: C_FEATURE:1c_restrict
    Feature record: C_FEATURE:1c_static_assert
    Feature record: C_FEATURE:1c_variadic_macros


Detecting C [-std=c99] compiler features compiled with the following output:
Change Dir: /home/alpalentless/SICS/IRTPP/src/include/dlib/build/CMakeFiles/CMakeTmp

Run Build Command:"/usr/bin/gmake" "cmTC_bb72f/fast"
/usr/bin/gmake -f CMakeFiles/cmTC_bb72f.dir/build.make CMakeFiles/cmTC_bb72f.dir/build
gmake[1]: Entering directory '/home/alpalentless/SICS/IRTPP/src/include/dlib/build/CMakeFiles/CMakeTmp'
Building C object CMakeFiles/cmTC_bb72f.dir/feature_tests.c.o
/usr/bin/cc    -std=c99 -o CMakeFiles/cmTC_bb72f.dir/feature_tests.c.o   -c /home/alpalentless/SICS/IRTPP/src/include/dlib/build/CMakeFiles/feature_tests.c
Linking C executable cmTC_bb72f
/usr/bin/cmake -E cmake_link_script CMakeFiles/cmTC_bb72f.dir/link.txt --verbose=1
/usr/bin/cc       CMakeFiles/cmTC_bb72f.dir/feature_tests.c.o  -o cmTC_bb72f -rdynamic 
gmake[1]: Leaving directory '/home/alpalentless/SICS/IRTPP/src/include/dlib/build/CMakeFiles/CMakeTmp'


    Feature record: C_FEATURE:1c_function_prototypes
    Feature record: C_FEATURE:1c_restrict
    Feature record: C_FEATURE:0c_static_assert
    Feature record: C_FEATURE:1c_variadic_macros


Detecting C [-std=c90] compiler features compiled with the following output:
Change Dir: /home/alpalentless/SICS/IRTPP/src/include/dlib/build/CMakeFiles/CMakeTmp

Run Build Command:"/usr/bin/gmake" "cmTC_875a5/fast"
/usr/bin/gmake -f CMakeFiles/cmTC_875a5.dir/build.make CMakeFiles/cmTC_875a5.dir/build
gmake[1]: Entering directory '/home/alpalentless/SICS/IRTPP/src/include/dlib/build/CMakeFiles/CMakeTmp'
Building C object CMakeFiles/cmTC_875a5.dir/feature_tests.c.o
/usr/bin/cc    -std=c90 -o CMakeFiles/cmTC_875a5.dir/feature_tests.c.o   -c /home/alpalentless/SICS/IRTPP/src/include/dlib/build/CMakeFiles/feature_tests.c
Linking C executable cmTC_875a5
/usr/bin/cmake -E cmake_link_script CMakeFiles/cmTC_875a5.dir/link.txt --verbose=1
/usr/bin/cc       CMakeFiles/cmTC_875a5.dir/feature_tests.c.o  -o cmTC_875a5 -rdynamic 
gmake[1]: Leaving directory '/home/alpalentless/SICS/IRTPP/src/include/dlib/build/CMakeFiles/CMakeTmp'


    Feature record: C_FEATURE:1c_function_prototypes
    Feature record: C_FEATURE:0c_restrict
    Feature record: C_FEATURE:0c_static_assert
    Feature record: C_FEATURE:0c_variadic_macros
Determining if the CXX compiler works passed with the following output:
Change Dir: /home/alpalentless/SICS/IRTPP/src/include/dlib/build/CMakeFiles/CMakeTmp

Run Build Command:"/usr/bin/gmake" "cmTC_206a3/fast"
/usr/bin/gmake -f CMakeFiles/cmTC_206a3.dir/build.make CMakeFiles/cmTC_206a3.dir/build
gmake[1]: Entering directory '/home/alpalentless/SICS/IRTPP/src/include/dlib/build/CMakeFiles/CMakeTmp'
Building CXX object CMakeFiles/cmTC_206a3.dir/testCXXCompiler.cxx.o
/usr/bin/c++      -o CMakeFiles/cmTC_206a3.dir/testCXXCompiler.cxx.o -c /home/alpalentless/SICS/IRTPP/src/include/dlib/build/CMakeFiles/CMakeTmp/testCXXCompiler.cxx
Linking CXX executable cmTC_206a3
/usr/bin/cmake -E cmake_link_script CMakeFiles/cmTC_206a3.dir/link.txt --verbose=1
/usr/bin/c++        CMakeFiles/cmTC_206a3.dir/testCXXCompiler.cxx.o  -o cmTC_206a3 -rdynamic 
gmake[1]: Leaving directory '/home/alpalentless/SICS/IRTPP/src/include/dlib/build/CMakeFiles/CMakeTmp'


Detecting CXX compiler ABI info compiled with the following output:
Change Dir: /home/alpalentless/SICS/IRTPP/src/include/dlib/build/CMakeFiles/CMakeTmp

Run Build Command:"/usr/bin/gmake" "cmTC_6f2fe/fast"
/usr/bin/gmake -f CMakeFiles/cmTC_6f2fe.dir/build.make CMakeFiles/cmTC_6f2fe.dir/build
gmake[1]: Entering directory '/home/alpalentless/SICS/IRTPP/src/include/dlib/build/CMakeFiles/CMakeTmp'
Building CXX object CMakeFiles/cmTC_6f2fe.dir/CMakeCXXCompilerABI.cpp.o
/usr/bin/c++      -o CMakeFiles/cmTC_6f2fe.dir/CMakeCXXCompilerABI.cpp.o -c /usr/share/cmake/Modules/CMakeCXXCompilerABI.cpp
Linking CXX executable cmTC_6f2fe
/usr/bin/cmake -E cmake_link_script CMakeFiles/cmTC_6f2fe.dir/link.txt --verbose=1
/usr/bin/c++       -v CMakeFiles/cmTC_6f2fe.dir/CMakeCXXCompilerABI.cpp.o  -o cmTC_6f2fe -rdynamic  
Using built-in specs.
COLLECT_GCC=/usr/bin/c++
COLLECT_LTO_WRAPPER=/usr/libexec/gcc/x86_64-redhat-linux/6.1.1/lto-wrapper
Target: x86_64-redhat-linux
Configured with: ../configure --enable-bootstrap --enable-languages=c,c++,objc,obj-c++,fortran,ada,go,lto --prefix=/usr --mandir=/usr/share/man --infodir=/usr/share/info --with-bugurl=http://bugzilla.redhat.com/bugzilla --enable-shared --enable-threads=posix --enable-checking=release --enable-multilib --with-system-zlib --enable-__cxa_atexit --disable-libunwind-exceptions --enable-gnu-unique-object --enable-linker-build-id --with-linker-hash-style=gnu --enable-plugin --enable-initfini-array --disable-libgcj --with-isl --enable-libmpx --enable-gnu-indirect-function --with-tune=generic --with-arch_32=i686 --build=x86_64-redhat-linux
Thread model: posix
gcc version 6.1.1 20160621 (Red Hat 6.1.1-3) (GCC) 
COMPILER_PATH=/usr/libexec/gcc/x86_64-redhat-linux/6.1.1/:/usr/libexec/gcc/x86_64-redhat-linux/6.1.1/:/usr/libexec/gcc/x86_64-redhat-linux/:/usr/lib/gcc/x86_64-redhat-linux/6.1.1/:/usr/lib/gcc/x86_64-redhat-linux/
LIBRARY_PATH=/usr/lib/gcc/x86_64-redhat-linux/6.1.1/:/usr/lib/gcc/x86_64-redhat-linux/6.1.1/../../../../lib64/:/lib/../lib64/:/usr/lib/../lib64/:/usr/lib/gcc/x86_64-redhat-linux/6.1.1/../../../:/lib/:/usr/lib/
COLLECT_GCC_OPTIONS='-v' '-o' 'cmTC_6f2fe' '-rdynamic' '-shared-libgcc' '-mtune=generic' '-march=x86-64'
 /usr/libexec/gcc/x86_64-redhat-linux/6.1.1/collect2 -plugin /usr/libexec/gcc/x86_64-redhat-linux/6.1.1/liblto_plugin.so -plugin-opt=/usr/libexec/gcc/x86_64-redhat-linux/6.1.1/lto-wrapper -plugin-opt=-fresolution=/tmp/ccKXf7DK.res -plugin-opt=-pass-through=-lgcc_s -plugin-opt=-pass-through=-lgcc -plugin-opt=-pass-through=-lc -plugin-opt=-pass-through=-lgcc_s -plugin-opt=-pass-through=-lgcc --build-id --no-add-needed --eh-frame-hdr --hash-style=gnu -m elf_x86_64 -export-dynamic -dynamic-linker /lib64/ld-linux-x86-64.so.2 -o cmTC_6f2fe /usr/lib/gcc/x86_64-redhat-linux/6.1.1/../../../../lib64/crt1.o /usr/lib/gcc/x86_64-redhat-linux/6.1.1/../../../../lib64/crti.o /usr/lib/gcc/x86_64-redhat-linux/6.1.1/crtbegin.o -L/usr/lib/gcc/x86_64-redhat-linux/6.1.1 -L/usr/lib/gcc/x86_64-redhat-linux/6.1.1/../../../../lib64 -L/lib/../lib64 -L/usr/lib/../lib64 -L/usr/lib/gcc/x86_64-redhat-linux/6.1.1/../../.. CMakeFiles/cmTC_6f2fe.dir/CMakeCXXCompilerABI.cpp.o -lstdc++ -lm -lgcc_s -lgcc -lc -lgcc_s -lgcc /usr/lib/gcc/x86_64-redhat-linux/6.1.1/crtend.o /usr/lib/gcc/x86_64-redhat-linux/6.1.1/../../../../lib64/crtn.o
COLLECT_GCC_OPTIONS='-v' '-o' 'cmTC_6f2fe' '-rdynamic' '-shared-libgcc' '-mtune=generic' '-march=x86-64'
gmake[1]: Leaving directory '/home/alpalentless/SICS/IRTPP/src/include/dlib/build/CMakeFiles/CMakeTmp'


Parsed CXX implicit link information from above output:
  link line regex: [^( *|.*[/\])(ld|([^/\]+-)?ld|collect2)[^/\]*( |$)]
  ignore line: [Change Dir: /home/alpalentless/SICS/IRTPP/src/include/dlib/build/CMakeFiles/CMakeTmp]
  ignore line: []
  ignore line: [Run Build Command:"/usr/bin/gmake" "cmTC_6f2fe/fast"]
  ignore line: [/usr/bin/gmake -f CMakeFiles/cmTC_6f2fe.dir/build.make CMakeFiles/cmTC_6f2fe.dir/build]
  ignore line: [gmake[1]: Entering directory '/home/alpalentless/SICS/IRTPP/src/include/dlib/build/CMakeFiles/CMakeTmp']
  ignore line: [Building CXX object CMakeFiles/cmTC_6f2fe.dir/CMakeCXXCompilerABI.cpp.o]
  ignore line: [/usr/bin/c++      -o CMakeFiles/cmTC_6f2fe.dir/CMakeCXXCompilerABI.cpp.o -c /usr/share/cmake/Modules/CMakeCXXCompilerABI.cpp]
  ignore line: [Linking CXX executable cmTC_6f2fe]
  ignore line: [/usr/bin/cmake -E cmake_link_script CMakeFiles/cmTC_6f2fe.dir/link.txt --verbose=1]
  ignore line: [/usr/bin/c++       -v CMakeFiles/cmTC_6f2fe.dir/CMakeCXXCompilerABI.cpp.o  -o cmTC_6f2fe -rdynamic  ]
  ignore line: [Using built-in specs.]
  ignore line: [COLLECT_GCC=/usr/bin/c++]
  ignore line: [COLLECT_LTO_WRAPPER=/usr/libexec/gcc/x86_64-redhat-linux/6.1.1/lto-wrapper]
  ignore line: [Target: x86_64-redhat-linux]
  ignore line: [Configured with: ../configure --enable-bootstrap --enable-languages=c,c++,objc,obj-c++,fortran,ada,go,lto --prefix=/usr --mandir=/usr/share/man --infodir=/usr/share/info --with-bugurl=http://bugzilla.redhat.com/bugzilla --enable-shared --enable-threads=posix --enable-checking=release --enable-multilib --with-system-zlib --enable-__cxa_atexit --disable-libunwind-exceptions --enable-gnu-unique-object --enable-linker-build-id --with-linker-hash-style=gnu --enable-plugin --enable-initfini-array --disable-libgcj --with-isl --enable-libmpx --enable-gnu-indirect-function --with-tune=generic --with-arch_32=i686 --build=x86_64-redhat-linux]
  ignore line: [Thread model: posix]
  ignore line: [gcc version 6.1.1 20160621 (Red Hat 6.1.1-3) (GCC) ]
  ignore line: [COMPILER_PATH=/usr/libexec/gcc/x86_64-redhat-linux/6.1.1/:/usr/libexec/gcc/x86_64-redhat-linux/6.1.1/:/usr/libexec/gcc/x86_64-redhat-linux/:/usr/lib/gcc/x86_64-redhat-linux/6.1.1/:/usr/lib/gcc/x86_64-redhat-linux/]
  ignore line: [LIBRARY_PATH=/usr/lib/gcc/x86_64-redhat-linux/6.1.1/:/usr/lib/gcc/x86_64-redhat-linux/6.1.1/../../../../lib64/:/lib/../lib64/:/usr/lib/../lib64/:/usr/lib/gcc/x86_64-redhat-linux/6.1.1/../../../:/lib/:/usr/lib/]
  ignore line: [COLLECT_GCC_OPTIONS='-v' '-o' 'cmTC_6f2fe' '-rdynamic' '-shared-libgcc' '-mtune=generic' '-march=x86-64']
  link line: [ /usr/libexec/gcc/x86_64-redhat-linux/6.1.1/collect2 -plugin /usr/libexec/gcc/x86_64-redhat-linux/6.1.1/liblto_plugin.so -plugin-opt=/usr/libexec/gcc/x86_64-redhat-linux/6.1.1/lto-wrapper -plugin-opt=-fresolution=/tmp/ccKXf7DK.res -plugin-opt=-pass-through=-lgcc_s -plugin-opt=-pass-through=-lgcc -plugin-opt=-pass-through=-lc -plugin-opt=-pass-through=-lgcc_s -plugin-opt=-pass-through=-lgcc --build-id --no-add-needed --eh-frame-hdr --hash-style=gnu -m elf_x86_64 -export-dynamic -dynamic-linker /lib64/ld-linux-x86-64.so.2 -o cmTC_6f2fe /usr/lib/gcc/x86_64-redhat-linux/6.1.1/../../../../lib64/crt1.o /usr/lib/gcc/x86_64-redhat-linux/6.1.1/../../../../lib64/crti.o /usr/lib/gcc/x86_64-redhat-linux/6.1.1/crtbegin.o -L/usr/lib/gcc/x86_64-redhat-linux/6.1.1 -L/usr/lib/gcc/x86_64-redhat-linux/6.1.1/../../../../lib64 -L/lib/../lib64 -L/usr/lib/../lib64 -L/usr/lib/gcc/x86_64-redhat-linux/6.1.1/../../.. CMakeFiles/cmTC_6f2fe.dir/CMakeCXXCompilerABI.cpp.o -lstdc++ -lm -lgcc_s -lgcc -lc -lgcc_s -lgcc /usr/lib/gcc/x86_64-redhat-linux/6.1.1/crtend.o /usr/lib/gcc/x86_64-redhat-linux/6.1.1/../../../../lib64/crtn.o]
    arg [/usr/libexec/gcc/x86_64-redhat-linux/6.1.1/collect2] ==> ignore
    arg [-plugin] ==> ignore
    arg [/usr/libexec/gcc/x86_64-redhat-linux/6.1.1/liblto_plugin.so] ==> ignore
    arg [-plugin-opt=/usr/libexec/gcc/x86_64-redhat-linux/6.1.1/lto-wrapper] ==> ignore
    arg [-plugin-opt=-fresolution=/tmp/ccKXf7DK.res] ==> ignore
    arg [-plugin-opt=-pass-through=-lgcc_s] ==> ignore
    arg [-plugin-opt=-pass-through=-lgcc] ==> ignore
    arg [-plugin-opt=-pass-through=-lc] ==> ignore
    arg [-plugin-opt=-pass-through=-lgcc_s] ==> ignore
    arg [-plugin-opt=-pass-through=-lgcc] ==> ignore
    arg [--build-id] ==> ignore
    arg [--no-add-needed] ==> ignore
    arg [--eh-frame-hdr] ==> ignore
    arg [--hash-style=gnu] ==> ignore
    arg [-m] ==> ignore
    arg [elf_x86_64] ==> ignore
    arg [-export-dynamic] ==> ignore
    arg [-dynamic-linker] ==> ignore
    arg [/lib64/ld-linux-x86-64.so.2] ==> ignore
    arg [-o] ==> ignore
    arg [cmTC_6f2fe] ==> ignore
    arg [/usr/lib/gcc/x86_64-redhat-linux/6.1.1/../../../../lib64/crt1.o] ==> ignore
    arg [/usr/lib/gcc/x86_64-redhat-linux/6.1.1/../../../../lib64/crti.o] ==> ignore
    arg [/usr/lib/gcc/x86_64-redhat-linux/6.1.1/crtbegin.o] ==> ignore
    arg [-L/usr/lib/gcc/x86_64-redhat-linux/6.1.1] ==> dir [/usr/lib/gcc/x86_64-redhat-linux/6.1.1]
    arg [-L/usr/lib/gcc/x86_64-redhat-linux/6.1.1/../../../../lib64] ==> dir [/usr/lib/gcc/x86_64-redhat-linux/6.1.1/../../../../lib64]
    arg [-L/lib/../lib64] ==> dir [/lib/../lib64]
    arg [-L/usr/lib/../lib64] ==> dir [/usr/lib/../lib64]
    arg [-L/usr/lib/gcc/x86_64-redhat-linux/6.1.1/../../..] ==> dir [/usr/lib/gcc/x86_64-redhat-linux/6.1.1/../../..]
    arg [CMakeFiles/cmTC_6f2fe.dir/CMakeCXXCompilerABI.cpp.o] ==> ignore
    arg [-lstdc++] ==> lib [stdc++]
    arg [-lm] ==> lib [m]
    arg [-lgcc_s] ==> lib [gcc_s]
    arg [-lgcc] ==> lib [gcc]
    arg [-lc] ==> lib [c]
    arg [-lgcc_s] ==> lib [gcc_s]
    arg [-lgcc] ==> lib [gcc]
    arg [/usr/lib/gcc/x86_64-redhat-linux/6.1.1/crtend.o] ==> ignore
    arg [/usr/lib/gcc/x86_64-redhat-linux/6.1.1/../../../../lib64/crtn.o] ==> ignore
  remove lib [gcc_s]
  remove lib [gcc]
  remove lib [gcc_s]
  remove lib [gcc]
  collapse library dir [/usr/lib/gcc/x86_64-redhat-linux/6.1.1] ==> [/usr/lib/gcc/x86_64-redhat-linux/6.1.1]
  collapse library dir [/usr/lib/gcc/x86_64-redhat-linux/6.1.1/../../../../lib64] ==> [/usr/lib64]
  collapse library dir [/lib/../lib64] ==> [/lib64]
  collapse library dir [/usr/lib/../lib64] ==> [/usr/lib64]
  collapse library dir [/usr/lib/gcc/x86_64-redhat-linux/6.1.1/../../..] ==> [/usr/lib]
  implicit libs: [stdc++;m;c]
  implicit dirs: [/usr/lib/gcc/x86_64-redhat-linux/6.1.1;/usr/lib64;/lib64;/usr/lib]
  implicit fwks: []




Detecting CXX [-std=c++14] compiler features compiled with the following output:
Change Dir: /home/alpalentless/SICS/IRTPP/src/include/dlib/build/CMakeFiles/CMakeTmp

Run Build Command:"/usr/bin/gmake" "cmTC_d0976/fast"
/usr/bin/gmake -f CMakeFiles/cmTC_d0976.dir/build.make CMakeFiles/cmTC_d0976.dir/build
gmake[1]: Entering directory '/home/alpalentless/SICS/IRTPP/src/include/dlib/build/CMakeFiles/CMakeTmp'
Building CXX object CMakeFiles/cmTC_d0976.dir/feature_tests.cxx.o
/usr/bin/c++     -std=c++14 -o CMakeFiles/cmTC_d0976.dir/feature_tests.cxx.o -c /home/alpalentless/SICS/IRTPP/src/include/dlib/build/CMakeFiles/feature_tests.cxx
Linking CXX executable cmTC_d0976
/usr/bin/cmake -E cmake_link_script CMakeFiles/cmTC_d0976.dir/link.txt --verbose=1
/usr/bin/c++        CMakeFiles/cmTC_d0976.dir/feature_tests.cxx.o  -o cmTC_d0976 -rdynamic 
gmake[1]: Leaving directory '/home/alpalentless/SICS/IRTPP/src/include/dlib/build/CMakeFiles/CMakeTmp'


    Feature record: CXX_FEATURE:1cxx_aggregate_default_initializers
    Feature record: CXX_FEATURE:1cxx_alias_templates
    Feature record: CXX_FEATURE:1cxx_alignas
    Feature record: CXX_FEATURE:1cxx_alignof
    Feature record: CXX_FEATURE:1cxx_attributes
    Feature record: CXX_FEATURE:1cxx_attribute_deprecated
    Feature record: CXX_FEATURE:1cxx_auto_type
    Feature record: CXX_FEATURE:1cxx_binary_literals
    Feature record: CXX_FEATURE:1cxx_constexpr
    Feature record: CXX_FEATURE:1cxx_contextual_conversions
    Feature record: CXX_FEATURE:1cxx_decltype
    Feature record: CXX_FEATURE:1cxx_decltype_auto
    Feature record: CXX_FEATURE:1cxx_decltype_incomplete_return_types
    Feature record: CXX_FEATURE:1cxx_default_function_template_args
    Feature record: CXX_FEATURE:1cxx_defaulted_functions
    Feature record: CXX_FEATURE:1cxx_defaulted_move_initializers
    Feature record: CXX_FEATURE:1cxx_delegating_constructors
    Feature record: CXX_FEATURE:1cxx_deleted_functions
    Feature record: CXX_FEATURE:1cxx_digit_separators
    Feature record: CXX_FEATURE:1cxx_enum_forward_declarations
    Feature record: CXX_FEATURE:1cxx_explicit_conversions
    Feature record: CXX_FEATURE:1cxx_extended_friend_declarations
    Feature record: CXX_FEATURE:1cxx_extern_templates
    Feature record: CXX_FEATURE:1cxx_final
    Feature record: CXX_FEATURE:1cxx_func_identifier
    Feature record: CXX_FEATURE:1cxx_generalized_initializers
    Feature record: CXX_FEATURE:1cxx_generic_lambdas
    Feature record: CXX_FEATURE:1cxx_inheriting_constructors
    Feature record: CXX_FEATURE:1cxx_inline_namespaces
    Feature record: CXX_FEATURE:1cxx_lambdas
    Feature record: CXX_FEATURE:1cxx_lambda_init_captures
    Feature record: CXX_FEATURE:1cxx_local_type_template_args
    Feature record: CXX_FEATURE:1cxx_long_long_type
    Feature record: CXX_FEATURE:1cxx_noexcept
    Feature record: CXX_FEATURE:1cxx_nonstatic_member_init
    Feature record: CXX_FEATURE:1cxx_nullptr
    Feature record: CXX_FEATURE:1cxx_override
    Feature record: CXX_FEATURE:1cxx_range_for
    Feature record: CXX_FEATURE:1cxx_raw_string_literals
    Feature record: CXX_FEATURE:1cxx_reference_qualified_functions
    Feature record: CXX_FEATURE:1cxx_relaxed_constexpr
    Feature record: CXX_FEATURE:1cxx_return_type_deduction
    Feature record: CXX_FEATURE:1cxx_right_angle_brackets
    Feature record: CXX_FEATURE:1cxx_rvalue_references
    Feature record: CXX_FEATURE:1cxx_sizeof_member
    Feature record: CXX_FEATURE:1cxx_static_assert
    Feature record: CXX_FEATURE:1cxx_strong_enums
    Feature record: CXX_FEATURE:1cxx_template_template_parameters
    Feature record: CXX_FEATURE:1cxx_thread_local
    Feature record: CXX_FEATURE:1cxx_trailing_return_types
    Feature record: CXX_FEATURE:1cxx_unicode_literals
    Feature record: CXX_FEATURE:1cxx_uniform_initialization
    Feature record: CXX_FEATURE:1cxx_unrestricted_unions
    Feature record: CXX_FEATURE:1cxx_user_literals
    Feature record: CXX_FEATURE:1cxx_variable_templates
    Feature record: CXX_FEATURE:1cxx_variadic_macros
    Feature record: CXX_FEATURE:1cxx_variadic_templates


Detecting CXX [-std=c++11] compiler features compiled with the following output:
Change Dir: /home/alpalentless/SICS/IRTPP/src/include/dlib/build/CMakeFiles/CMakeTmp

Run Build Command:"/usr/bin/gmake" "cmTC_435a0/fast"
/usr/bin/gmake -f CMakeFiles/cmTC_435a0.dir/build.make CMakeFiles/cmTC_435a0.dir/build
gmake[1]: Entering directory '/home/alpalentless/SICS/IRTPP/src/include/dlib/build/CMakeFiles/CMakeTmp'
Building CXX object CMakeFiles/cmTC_435a0.dir/feature_tests.cxx.o
/usr/bin/c++     -std=c++11 -o CMakeFiles/cmTC_435a0.dir/feature_tests.cxx.o -c /home/alpalentless/SICS/IRTPP/src/include/dlib/build/CMakeFiles/feature_tests.cxx
Linking CXX executable cmTC_435a0
/usr/bin/cmake -E cmake_link_script CMakeFiles/cmTC_435a0.dir/link.txt --verbose=1
/usr/bin/c++        CMakeFiles/cmTC_435a0.dir/feature_tests.cxx.o  -o cmTC_435a0 -rdynamic 
gmake[1]: Leaving directory '/home/alpalentless/SICS/IRTPP/src/include/dlib/build/CMakeFiles/CMakeTmp'


    Feature record: CXX_FEATURE:0cxx_aggregate_default_initializers
    Feature record: CXX_FEATURE:1cxx_alias_templates
    Feature record: CXX_FEATURE:1cxx_alignas
    Feature record: CXX_FEATURE:1cxx_alignof
    Feature record: CXX_FEATURE:1cxx_attributes
    Feature record: CXX_FEATURE:0cxx_attribute_deprecated
    Feature record: CXX_FEATURE:1cxx_auto_type
    Feature record: CXX_FEATURE:0cxx_binary_literals
    Feature record: CXX_FEATURE:1cxx_constexpr
    Feature record: CXX_FEATURE:0cxx_contextual_conversions
    Feature record: CXX_FEATURE:1cxx_decltype
    Feature record: CXX_FEATURE:0cxx_decltype_auto
    Feature record: CXX_FEATURE:1cxx_decltype_incomplete_return_types
    Feature record: CXX_FEATURE:1cxx_default_function_template_args
    Feature record: CXX_FEATURE:1cxx_defaulted_functions
    Feature record: CXX_FEATURE:1cxx_defaulted_move_initializers
    Feature record: CXX_FEATURE:1cxx_delegating_constructors
    Feature record: CXX_FEATURE:1cxx_deleted_functions
    Feature record: CXX_FEATURE:0cxx_digit_separators
    Feature record: CXX_FEATURE:1cxx_enum_forward_declarations
    Feature record: CXX_FEATURE:1cxx_explicit_conversions
    Feature record: CXX_FEATURE:1cxx_extended_friend_declarations
    Feature record: CXX_FEATURE:1cxx_extern_templates
    Feature record: CXX_FEATURE:1cxx_final
    Feature record: CXX_FEATURE:1cxx_func_identifier
    Feature record: CXX_FEATURE:1cxx_generalized_initializers
    Feature record: CXX_FEATURE:0cxx_generic_lambdas
    Feature record: CXX_FEATURE:1cxx_inheriting_constructors
    Feature record: CXX_FEATURE:1cxx_inline_namespaces
    Feature record: CXX_FEATURE:1cxx_lambdas
    Feature record: CXX_FEATURE:0cxx_lambda_init_captures
    Feature record: CXX_FEATURE:1cxx_local_type_template_args
    Feature record: CXX_FEATURE:1cxx_long_long_type
    Feature record: CXX_FEATURE:1cxx_noexcept
    Feature record: CXX_FEATURE:1cxx_nonstatic_member_init
    Feature record: CXX_FEATURE:1cxx_nullptr
    Feature record: CXX_FEATURE:1cxx_override
    Feature record: CXX_FEATURE:1cxx_range_for
    Feature record: CXX_FEATURE:1cxx_raw_string_literals
    Feature record: CXX_FEATURE:1cxx_reference_qualified_functions
    Feature record: CXX_FEATURE:0cxx_relaxed_constexpr
    Feature record: CXX_FEATURE:0cxx_return_type_deduction
    Feature record: CXX_FEATURE:1cxx_right_angle_brackets
    Feature record: CXX_FEATURE:1cxx_rvalue_references
    Feature record: CXX_FEATURE:1cxx_sizeof_member
    Feature record: CXX_FEATURE:1cxx_static_assert
    Feature record: CXX_FEATURE:1cxx_strong_enums
    Feature record: CXX_FEATURE:1cxx_template_template_parameters
    Feature record: CXX_FEATURE:1cxx_thread_local
    Feature record: CXX_FEATURE:1cxx_trailing_return_types
    Feature record: CXX_FEATURE:1cxx_unicode_literals
    Feature record: CXX_FEATURE:1cxx_uniform_initialization
    Feature record: CXX_FEATURE:1cxx_unrestricted_unions
    Feature record: CXX_FEATURE:1cxx_user_literals
    Feature record: CXX_FEATURE:0cxx_variable_templates
    Feature record: CXX_FEATURE:1cxx_variadic_macros
    Feature record: CXX_FEATURE:1cxx_variadic_templates


Detecting CXX [-std=c++98] compiler features compiled with the following output:
Change Dir: /home/alpalentless/SICS/IRTPP/src/include/dlib/build/CMakeFiles/CMakeTmp

Run Build Command:"/usr/bin/gmake" "cmTC_06457/fast"
/usr/bin/gmake -f CMakeFiles/cmTC_06457.dir/build.make CMakeFiles/cmTC_06457.dir/build
gmake[1]: Entering directory '/home/alpalentless/SICS/IRTPP/src/include/dlib/build/CMakeFiles/CMakeTmp'
Building CXX object CMakeFiles/cmTC_06457.dir/feature_tests.cxx.o
/usr/bin/c++     -std=c++98 -o CMakeFiles/cmTC_06457.dir/feature_tests.cxx.o -c /home/alpalentless/SICS/IRTPP/src/include/dlib/build/CMakeFiles/feature_tests.cxx
Linking CXX executable cmTC_06457
/usr/bin/cmake -E cmake_link_script CMakeFiles/cmTC_06457.dir/link.txt --verbose=1
/usr/bin/c++        CMakeFiles/cmTC_06457.dir/feature_tests.cxx.o  -o cmTC_06457 -rdynamic 
gmake[1]: Leaving directory '/home/alpalentless/SICS/IRTPP/src/include/dlib/build/CMakeFiles/CMakeTmp'


    Feature record: CXX_FEATURE:0cxx_aggregate_default_initializers
    Feature record: CXX_FEATURE:0cxx_alias_templates
    Feature record: CXX_FEATURE:0cxx_alignas
    Feature record: CXX_FEATURE:0cxx_alignof
    Feature record: CXX_FEATURE:0cxx_attributes
    Feature record: CXX_FEATURE:0cxx_attribute_deprecated
    Feature record: CXX_FEATURE:0cxx_auto_type
    Feature record: CXX_FEATURE:0cxx_binary_literals
    Feature record: CXX_FEATURE:0cxx_constexpr
    Feature record: CXX_FEATURE:0cxx_contextual_conversions
    Feature record: CXX_FEATURE:0cxx_decltype
    Feature record: CXX_FEATURE:0cxx_decltype_auto
    Feature record: CXX_FEATURE:0cxx_decltype_incomplete_return_types
    Feature record: CXX_FEATURE:0cxx_default_function_template_args
    Feature record: CXX_FEATURE:0cxx_defaulted_functions
    Feature record: CXX_FEATURE:0cxx_defaulted_move_initializers
    Feature record: CXX_FEATURE:0cxx_delegating_constructors
    Feature record: CXX_FEATURE:0cxx_deleted_functions
    Feature record: CXX_FEATURE:0cxx_digit_separators
    Feature record: CXX_FEATURE:0cxx_enum_forward_declarations
    Feature record: CXX_FEATURE:0cxx_explicit_conversions
    Feature record: CXX_FEATURE:0cxx_extended_friend_declarations
    Feature record: CXX_FEATURE:0cxx_extern_templates
    Feature record: CXX_FEATURE:0cxx_final
    Feature record: CXX_FEATURE:0cxx_func_identifier
    Feature record: CXX_FEATURE:0cxx_generalized_initializers
    Feature record: CXX_FEATURE:0cxx_generic_lambdas
    Feature record: CXX_FEATURE:0cxx_inheriting_constructors
    Feature record: CXX_FEATURE:0cxx_inline_namespaces
    Feature record: CXX_FEATURE:0cxx_lambdas
    Feature record: CXX_FEATURE:0cxx_lambda_init_captures
    Feature record: CXX_FEATURE:0cxx_local_type_template_args
    Feature record: CXX_FEATURE:0cxx_long_long_type
    Feature record: CXX_FEATURE:0cxx_noexcept
    Feature record: CXX_FEATURE:0cxx_nonstatic_member_init
    Feature record: CXX_FEATURE:0cxx_nullptr
    Feature record: CXX_FEATURE:0cxx_override
    Feature record: CXX_FEATURE:0cxx_range_for
    Feature record: CXX_FEATURE:0cxx_raw_string_literals
    Feature record: CXX_FEATURE:0cxx_reference_qualified_functions
    Feature record: CXX_FEATURE:0cxx_relaxed_constexpr
    Feature record: CXX_FEATURE:0cxx_return_type_deduction
    Feature record: CXX_FEATURE:0cxx_right_angle_brackets
    Feature record: CXX_FEATURE:0cxx_rvalue_references
    Feature record: CXX_FEATURE:0cxx_sizeof_member
    Feature record: CXX_FEATURE:0cxx_static_assert
    Feature record: CXX_FEATURE:0cxx_strong_enums
    Feature record: CXX_FEATURE:1cxx_template_template_parameters
    Feature record: CXX_FEATURE:0cxx_thread_local
    Feature record: CXX_FEATURE:0cxx_trailing_return_types
    Feature record: CXX_FEATURE:0cxx_unicode_literals
    Feature record: CXX_FEATURE:0cxx_uniform_initialization
    Feature record: CXX_FEATURE:0cxx_unrestricted_unions
    Feature record: CXX_FEATURE:0cxx_user_literals
    Feature record: CXX_FEATURE:0cxx_variable_templates
    Feature record: CXX_FEATURE:0cxx_variadic_macros
    Feature record: CXX_FEATURE:0cxx_variadic_templates
Determining if the function XOpenDisplay exists in the /usr/lib64/libX11.so passed with the following output:
Change Dir: /home/alpalentless/SICS/IRTPP/src/include/dlib/build/CMakeFiles/CMakeTmp

Run Build Command:"/usr/bin/gmake" "cmTC_fd0b4/fast"
/usr/bin/gmake -f CMakeFiles/cmTC_fd0b4.dir/build.make CMakeFiles/cmTC_fd0b4.dir/build
gmake[1]: Entering directory '/home/alpalentless/SICS/IRTPP/src/include/dlib/build/CMakeFiles/CMakeTmp'
Building C object CMakeFiles/cmTC_fd0b4.dir/CheckFunctionExists.c.o
/usr/bin/cc    -DCHECK_FUNCTION_EXISTS=XOpenDisplay   -o CMakeFiles/cmTC_fd0b4.dir/CheckFunctionExists.c.o   -c /usr/share/cmake/Modules/CheckFunctionExists.c
Linking C executable cmTC_fd0b4
/usr/bin/cmake -E cmake_link_script CMakeFiles/cmTC_fd0b4.dir/link.txt --verbose=1
/usr/bin/cc   -DCHECK_FUNCTION_EXISTS=XOpenDisplay    CMakeFiles/cmTC_fd0b4.dir/CheckFunctionExists.c.o  -o cmTC_fd0b4 -rdynamic /usr/lib64/libX11.so 
gmake[1]: Leaving directory '/home/alpalentless/SICS/IRTPP/src/include/dlib/build/CMakeFiles/CMakeTmp'


Determining if the function gethostbyname exists passed with the following output:
Change Dir: /home/alpalentless/SICS/IRTPP/src/include/dlib/build/CMakeFiles/CMakeTmp

Run Build Command:"/usr/bin/gmake" "cmTC_53c86/fast"
/usr/bin/gmake -f CMakeFiles/cmTC_53c86.dir/build.make CMakeFiles/cmTC_53c86.dir/build
gmake[1]: Entering directory '/home/alpalentless/SICS/IRTPP/src/include/dlib/build/CMakeFiles/CMakeTmp'
Building C object CMakeFiles/cmTC_53c86.dir/CheckFunctionExists.c.o
/usr/bin/cc    -DCHECK_FUNCTION_EXISTS=gethostbyname   -o CMakeFiles/cmTC_53c86.dir/CheckFunctionExists.c.o   -c /usr/share/cmake/Modules/CheckFunctionExists.c
Linking C executable cmTC_53c86
/usr/bin/cmake -E cmake_link_script CMakeFiles/cmTC_53c86.dir/link.txt --verbose=1
/usr/bin/cc   -DCHECK_FUNCTION_EXISTS=gethostbyname    CMakeFiles/cmTC_53c86.dir/CheckFunctionExists.c.o  -o cmTC_53c86 -rdynamic 
gmake[1]: Leaving directory '/home/alpalentless/SICS/IRTPP/src/include/dlib/build/CMakeFiles/CMakeTmp'


Determining if the function connect exists passed with the following output:
Change Dir: /home/alpalentless/SICS/IRTPP/src/include/dlib/build/CMakeFiles/CMakeTmp

Run Build Command:"/usr/bin/gmake" "cmTC_4422a/fast"
/usr/bin/gmake -f CMakeFiles/cmTC_4422a.dir/build.make CMakeFiles/cmTC_4422a.dir/build
gmake[1]: Entering directory '/home/alpalentless/SICS/IRTPP/src/include/dlib/build/CMakeFiles/CMakeTmp'
Building C object CMakeFiles/cmTC_4422a.dir/CheckFunctionExists.c.o
/usr/bin/cc    -DCHECK_FUNCTION_EXISTS=connect   -o CMakeFiles/cmTC_4422a.dir/CheckFunctionExists.c.o   -c /usr/share/cmake/Modules/CheckFunctionExists.c
Linking C executable cmTC_4422a
/usr/bin/cmake -E cmake_link_script CMakeFiles/cmTC_4422a.dir/link.txt --verbose=1
/usr/bin/cc   -DCHECK_FUNCTION_EXISTS=connect    CMakeFiles/cmTC_4422a.dir/CheckFunctionExists.c.o  -o cmTC_4422a -rdynamic 
gmake[1]: Leaving directory '/home/alpalentless/SICS/IRTPP/src/include/dlib/build/CMakeFiles/CMakeTmp'


Determining if the function remove exists passed with the following output:
Change Dir: /home/alpalentless/SICS/IRTPP/src/include/dlib/build/CMakeFiles/CMakeTmp

Run Build Command:"/usr/bin/gmake" "cmTC_b4d5d/fast"
/usr/bin/gmake -f CMakeFiles/cmTC_b4d5d.dir/build.make CMakeFiles/cmTC_b4d5d.dir/build
gmake[1]: Entering directory '/home/alpalentless/SICS/IRTPP/src/include/dlib/build/CMakeFiles/CMakeTmp'
Building C object CMakeFiles/cmTC_b4d5d.dir/CheckFunctionExists.c.o
/usr/bin/cc    -DCHECK_FUNCTION_EXISTS=remove   -o CMakeFiles/cmTC_b4d5d.dir/CheckFunctionExists.c.o   -c /usr/share/cmake/Modules/CheckFunctionExists.c
Linking C executable cmTC_b4d5d
/usr/bin/cmake -E cmake_link_script CMakeFiles/cmTC_b4d5d.dir/link.txt --verbose=1
/usr/bin/cc   -DCHECK_FUNCTION_EXISTS=remove    CMakeFiles/cmTC_b4d5d.dir/CheckFunctionExists.c.o  -o cmTC_b4d5d -rdynamic 
gmake[1]: Leaving directory '/home/alpalentless/SICS/IRTPP/src/include/dlib/build/CMakeFiles/CMakeTmp'


Determining if the function shmat exists passed with the following output:
Change Dir: /home/alpalentless/SICS/IRTPP/src/include/dlib/build/CMakeFiles/CMakeTmp

Run Build Command:"/usr/bin/gmake" "cmTC_e542f/fast"
/usr/bin/gmake -f CMakeFiles/cmTC_e542f.dir/build.make CMakeFiles/cmTC_e542f.dir/build
gmake[1]: Entering directory '/home/alpalentless/SICS/IRTPP/src/include/dlib/build/CMakeFiles/CMakeTmp'
Building C object CMakeFiles/cmTC_e542f.dir/CheckFunctionExists.c.o
/usr/bin/cc    -DCHECK_FUNCTION_EXISTS=shmat   -o CMakeFiles/cmTC_e542f.dir/CheckFunctionExists.c.o   -c /usr/share/cmake/Modules/CheckFunctionExists.c
Linking C executable cmTC_e542f
/usr/bin/cmake -E cmake_link_script CMakeFiles/cmTC_e542f.dir/link.txt --verbose=1
/usr/bin/cc   -DCHECK_FUNCTION_EXISTS=shmat    CMakeFiles/cmTC_e542f.dir/CheckFunctionExists.c.o  -o cmTC_e542f -rdynamic 
gmake[1]: Leaving directory '/home/alpalentless/SICS/IRTPP/src/include/dlib/build/CMakeFiles/CMakeTmp'


Determining if the function png_create_read_struct exists passed with the following output:
Change Dir: /home/alpalentless/SICS/IRTPP/src/include/dlib/build/CMakeFiles/CMakeTmp

Run Build Command:"/usr/bin/gmake" "cmTC_b678e/fast"
/usr/bin/gmake -f CMakeFiles/cmTC_b678e.dir/build.make CMakeFiles/cmTC_b678e.dir/build
gmake[1]: Entering directory '/home/alpalentless/SICS/IRTPP/src/include/dlib/build/CMakeFiles/CMakeTmp'
Building C object CMakeFiles/cmTC_b678e.dir/CheckFunctionExists.c.o
/usr/bin/cc    -DCHECK_FUNCTION_EXISTS=png_create_read_struct   -o CMakeFiles/cmTC_b678e.dir/CheckFunctionExists.c.o   -c /usr/share/cmake/Modules/CheckFunctionExists.c
Linking C executable cmTC_b678e
/usr/bin/cmake -E cmake_link_script CMakeFiles/cmTC_b678e.dir/link.txt --verbose=1
/usr/bin/cc   -DCHECK_FUNCTION_EXISTS=png_create_read_struct    CMakeFiles/cmTC_b678e.dir/CheckFunctionExists.c.o  -o cmTC_b678e -rdynamic /usr/lib64/libpng.so 
gmake[1]: Leaving directory '/home/alpalentless/SICS/IRTPP/src/include/dlib/build/CMakeFiles/CMakeTmp'


Determining if the include file sys/types.h exists passed with the following output:
Change Dir: /home/alpalentless/SICS/IRTPP/src/include/dlib/build/CMakeFiles/CMakeTmp

Run Build Command:"/usr/bin/gmake" "cmTC_cfc00/fast"
/usr/bin/gmake -f CMakeFiles/cmTC_cfc00.dir/build.make CMakeFiles/cmTC_cfc00.dir/build
gmake[1]: Entering directory '/home/alpalentless/SICS/IRTPP/src/include/dlib/build/CMakeFiles/CMakeTmp'
Building C object CMakeFiles/cmTC_cfc00.dir/CheckIncludeFile.c.o
/usr/bin/cc     -o CMakeFiles/cmTC_cfc00.dir/CheckIncludeFile.c.o   -c /home/alpalentless/SICS/IRTPP/src/include/dlib/build/CMakeFiles/CMakeTmp/CheckIncludeFile.c
Linking C executable cmTC_cfc00
/usr/bin/cmake -E cmake_link_script CMakeFiles/cmTC_cfc00.dir/link.txt --verbose=1
/usr/bin/cc       CMakeFiles/cmTC_cfc00.dir/CheckIncludeFile.c.o  -o cmTC_cfc00 -rdynamic 
gmake[1]: Leaving directory '/home/alpalentless/SICS/IRTPP/src/include/dlib/build/CMakeFiles/CMakeTmp'


Determining if the include file stdint.h exists passed with the following output:
Change Dir: /home/alpalentless/SICS/IRTPP/src/include/dlib/build/CMakeFiles/CMakeTmp

Run Build Command:"/usr/bin/gmake" "cmTC_f8b90/fast"
/usr/bin/gmake -f CMakeFiles/cmTC_f8b90.dir/build.make CMakeFiles/cmTC_f8b90.dir/build
gmake[1]: Entering directory '/home/alpalentless/SICS/IRTPP/src/include/dlib/build/CMakeFiles/CMakeTmp'
Building C object CMakeFiles/cmTC_f8b90.dir/CheckIncludeFile.c.o
/usr/bin/cc     -o CMakeFiles/cmTC_f8b90.dir/CheckIncludeFile.c.o   -c /home/alpalentless/SICS/IRTPP/src/include/dlib/build/CMakeFiles/CMakeTmp/CheckIncludeFile.c
Linking C executable cmTC_f8b90
/usr/bin/cmake -E cmake_link_script CMakeFiles/cmTC_f8b90.dir/link.txt --verbose=1
/usr/bin/cc       CMakeFiles/cmTC_f8b90.dir/CheckIncludeFile.c.o  -o cmTC_f8b90 -rdynamic 
gmake[1]: Leaving directory '/home/alpalentless/SICS/IRTPP/src/include/dlib/build/CMakeFiles/CMakeTmp'


Determining if the include file stddef.h exists passed with the following output:
Change Dir: /home/alpalentless/SICS/IRTPP/src/include/dlib/build/CMakeFiles/CMakeTmp

Run Build Command:"/usr/bin/gmake" "cmTC_da449/fast"
/usr/bin/gmake -f CMakeFiles/cmTC_da449.dir/build.make CMakeFiles/cmTC_da449.dir/build
gmake[1]: Entering directory '/home/alpalentless/SICS/IRTPP/src/include/dlib/build/CMakeFiles/CMakeTmp'
Building C object CMakeFiles/cmTC_da449.dir/CheckIncludeFile.c.o
/usr/bin/cc     -o CMakeFiles/cmTC_da449.dir/CheckIncludeFile.c.o   -c /home/alpalentless/SICS/IRTPP/src/include/dlib/build/CMakeFiles/CMakeTmp/CheckIncludeFile.c
Linking C executable cmTC_da449
/usr/bin/cmake -E cmake_link_script CMakeFiles/cmTC_da449.dir/link.txt --verbose=1
/usr/bin/cc       CMakeFiles/cmTC_da449.dir/CheckIncludeFile.c.o  -o cmTC_da449 -rdynamic 
gmake[1]: Leaving directory '/home/alpalentless/SICS/IRTPP/src/include/dlib/build/CMakeFiles/CMakeTmp'


Determining size of void* passed with the following output:
Change Dir: /home/alpalentless/SICS/IRTPP/src/include/dlib/build/CMakeFiles/CMakeTmp

Run Build Command:"/usr/bin/gmake" "cmTC_d341f/fast"
/usr/bin/gmake -f CMakeFiles/cmTC_d341f.dir/build.make CMakeFiles/cmTC_d341f.dir/build
gmake[1]: Entering directory '/home/alpalentless/SICS/IRTPP/src/include/dlib/build/CMakeFiles/CMakeTmp'
Building C object CMakeFiles/cmTC_d341f.dir/SIZE_OF_VOID_PTR.c.o
/usr/bin/cc     -o CMakeFiles/cmTC_d341f.dir/SIZE_OF_VOID_PTR.c.o   -c /home/alpalentless/SICS/IRTPP/src/include/dlib/build/CMakeFiles/CheckTypeSize/SIZE_OF_VOID_PTR.c
Linking C executable cmTC_d341f
/usr/bin/cmake -E cmake_link_script CMakeFiles/cmTC_d341f.dir/link.txt --verbose=1
/usr/bin/cc       CMakeFiles/cmTC_d341f.dir/SIZE_OF_VOID_PTR.c.o  -o cmTC_d341f -rdynamic /usr/lib64/libpng.so 
gmake[1]: Leaving directory '/home/alpalentless/SICS/IRTPP/src/include/dlib/build/CMakeFiles/CMakeTmp'


Determining if the CXX compiler has std namespace passed with the following output:
Change Dir: /home/alpalentless/SICS/IRTPP/src/include/dlib/build/CMakeFiles/CMakeTmp

Run Build Command:"/usr/bin/gmake" "cmTC_013da/fast"
/usr/bin/gmake -f CMakeFiles/cmTC_013da.dir/build.make CMakeFiles/cmTC_013da.dir/build
gmake[1]: Entering directory '/home/alpalentless/SICS/IRTPP/src/include/dlib/build/CMakeFiles/CMakeTmp'
Building CXX object CMakeFiles/cmTC_013da.dir/TestForSTDNamespace.cxx.o
/usr/bin/c++      -o CMakeFiles/cmTC_013da.dir/TestForSTDNamespace.cxx.o -c /usr/share/cmake/Modules/TestForSTDNamespace.cxx
Linking CXX executable cmTC_013da
/usr/bin/cmake -E cmake_link_script CMakeFiles/cmTC_013da.dir/link.txt --verbose=1
/usr/bin/c++        CMakeFiles/cmTC_013da.dir/TestForSTDNamespace.cxx.o  -o cmTC_013da -rdynamic 
gmake[1]: Leaving directory '/home/alpalentless/SICS/IRTPP/src/include/dlib/build/CMakeFiles/CMakeTmp'


Determining if the include file iostream exists passed with the following output:
Change Dir: /home/alpalentless/SICS/IRTPP/src/include/dlib/build/CMakeFiles/CMakeTmp

Run Build Command:"/usr/bin/gmake" "cmTC_61c73/fast"
/usr/bin/gmake -f CMakeFiles/cmTC_61c73.dir/build.make CMakeFiles/cmTC_61c73.dir/build
gmake[1]: Entering directory '/home/alpalentless/SICS/IRTPP/src/include/dlib/build/CMakeFiles/CMakeTmp'
Building CXX object CMakeFiles/cmTC_61c73.dir/CheckIncludeFile.cxx.o
/usr/bin/c++      -o CMakeFiles/cmTC_61c73.dir/CheckIncludeFile.cxx.o -c /home/alpalentless/SICS/IRTPP/src/include/dlib/build/CMakeFiles/CMakeTmp/CheckIncludeFile.cxx
Linking CXX executable cmTC_61c73
/usr/bin/cmake -E cmake_link_script CMakeFiles/cmTC_61c73.dir/link.txt --verbose=1
/usr/bin/c++        CMakeFiles/cmTC_61c73.dir/CheckIncludeFile.cxx.o  -o cmTC_61c73 -rdynamic 
gmake[1]: Leaving directory '/home/alpalentless/SICS/IRTPP/src/include/dlib/build/CMakeFiles/CMakeTmp'


